 ******* Program HYDRUS
 ******* 
 Welcome to HYDRUS-1D                                                    
 Date:  26. 6.    Time:  20:18: 6
 Units: L = cm   , T = hours, M = mmol 


 Time:       48.0000


 Node      Depth      Head Moisture       K          C         Flux        Sink         Kappa   v/KsTop   Temp
           [L]        [L]    [-]        [L/T]      [1/L]      [L/T]        [1/T]         [-]      [-]      [C]

   1     0.0000    -191.020 0.3840   0.1051E-01  0.4307E-03 -0.1051E-01  0.0000E+00      -1  -0.893E-01   20.00  0.0000E+00 NaN          0.0000E+00  0.0000E+00
   2    -0.0427    -191.020 0.3840   0.1051E-01  0.4307E-03 -0.1051E-01  0.0000E+00      -1  -0.893E-01   20.00  0.0000E+00 NaN          0.0000E+00  0.0000E+00
   3    -0.0955    -191.020 0.3840   0.1051E-01  0.4307E-03 -0.1051E-01  0.0000E+00      -1  -0.893E-01   20.00  0.0000E+00 NaN          0.0000E+00  0.0000E+00
   4    -0.1580    -191.020 0.3840   0.1051E-01  0.4307E-03 -0.1051E-01  0.0000E+00      -1  -0.893E-01   20.00  0.0000E+00 NaN          0.0000E+00  0.0000E+00
   5    -0.2310    -191.020 0.3840   0.1051E-01  0.4307E-03 -0.1051E-01  0.0000E+00      -1  -0.893E-01   20.00  0.0000E+00 NaN          0.0000E+00  0.0000E+00
   6    -0.3140    -191.020 0.3840   0.1051E-01  0.4307E-03 -0.1051E-01  0.0000E+00      -1  -0.893E-01   20.00  0.0000E+00 NaN          0.0000E+00  0.0000E+00
   7    -0.4070    -191.020 0.3840   0.1051E-01  0.4307E-03 -0.1051E-01  0.0000E+00      -1  -0.893E-01   20.00  0.0000E+00 NaN          0.0000E+00  0.0000E+00
   8    -0.5100    -191.020 0.3840   0.1051E-01  0.4307E-03 -0.1051E-01  0.0000E+00      -1  -0.893E-01   20.00  0.0000E+00 NaN          0.0000E+00  0.0000E+00
   9    -0.6230    -191.020 0.3840   0.1051E-01  0.4307E-03 -0.1051E-01  0.0000E+00      -1  -0.893E-01   20.00  0.0000E+00 NaN          0.0000E+00  0.0000E+00
  10    -0.7460    -191.020 0.3840   0.1051E-01  0.4307E-03 -0.1051E-01  0.0000E+00      -1  -0.893E-01   20.00  0.0000E+00 NaN          0.0000E+00  0.0000E+00
  11    -0.8800    -191.020 0.3840   0.1051E-01  0.4307E-03 -0.1051E-01  0.0000E+00      -1  -0.893E-01   20.00  0.0000E+00 NaN          0.0000E+00  0.0000E+00
  12    -1.0200    -191.020 0.3840   0.1051E-01  0.4307E-03 -0.1051E-01  0.0000E+00      -1  -0.893E-01   20.00  0.0000E+00 NaN          0.0000E+00  0.0000E+00
  13    -1.1800    -191.020 0.3840   0.1051E-01  0.4307E-03 -0.1051E-01  0.0000E+00      -1  -0.893E-01   20.00  0.0000E+00 NaN          0.0000E+00  0.0000E+00
  14    -1.3400    -191.020 0.3840   0.1051E-01  0.4307E-03 -0.1051E-01  0.0000E+00      -1  -0.893E-01   20.00  0.0000E+00 NaN          0.0000E+00  0.0000E+00
  15    -1.5100    -191.020 0.3840   0.1051E-01  0.4307E-03 -0.1051E-01  0.0000E+00      -1  -0.893E-01   20.00  0.0000E+00 NaN          0.0000E+00  0.0000E+00
  16    -1.7000    -191.020 0.3840   0.1051E-01  0.4307E-03 -0.1051E-01  0.0000E+00      -1  -0.893E-01   20.00  0.0000E+00 NaN          0.0000E+00  0.0000E+00
  17    -1.8900    -191.020 0.3840   0.1051E-01  0.4307E-03 -0.1051E-01  0.0000E+00      -1  -0.893E-01   20.00  0.0000E+00 NaN          0.0000E+00  0.0000E+00
  18    -2.0900    -191.020 0.3840   0.1051E-01  0.4307E-03 -0.1051E-01  0.0000E+00      -1  -0.893E-01   20.00  0.0000E+00 NaN          0.0000E+00  0.0000E+00
  19    -2.3100    -191.020 0.3840   0.1051E-01  0.4307E-03 -0.1051E-01  0.0000E+00      -1  -0.893E-01   20.00  0.0000E+00 NaN          0.0000E+00  0.0000E+00
  20    -2.5300    -191.020 0.3840   0.1051E-01  0.4307E-03 -0.1051E-01  0.0000E+00      -1  -0.893E-01   20.00  0.0000E+00 NaN          0.0000E+00  0.0000E+00
  21    -2.7600    -191.020 0.3840   0.1051E-01  0.4307E-03 -0.1051E-01  0.0000E+00      -1  -0.893E-01   20.00  0.0000E+00 NaN          0.0000E+00  0.0000E+00
  22    -3.0100    -191.020 0.3840   0.1051E-01  0.4307E-03 -0.1051E-01  0.0000E+00      -1  -0.893E-01   20.00  0.0000E+00 NaN          0.0000E+00  0.0000E+00
  23    -3.2600    -191.020 0.3840   0.1051E-01  0.4307E-03 -0.1051E-01  0.0000E+00      -1  -0.893E-01   20.00  0.0000E+00 NaN          0.0000E+00  0.0000E+00
  24    -3.5300    -191.020 0.3840   0.1051E-01  0.4307E-03 -0.1051E-01  0.0000E+00      -1  -0.893E-01   20.00  0.0000E+00 NaN          0.0000E+00  0.0000E+00
  25    -3.8000    -191.020 0.3840   0.1051E-01  0.4307E-03 -0.1051E-01  0.0000E+00      -1  -0.893E-01   20.00  0.0000E+00 NaN          0.0000E+00  0.0000E+00
  26    -4.0800    -191.020 0.3840   0.1051E-01  0.4307E-03 -0.1051E-01  0.0000E+00      -1  -0.893E-01   20.00  0.0000E+00 NaN          0.0000E+00  0.0000E+00
  27    -4.3800    -191.020 0.3840   0.1051E-01  0.4307E-03 -0.1051E-01  0.0000E+00      -1  -0.893E-01   20.00  0.0000E+00 NaN          0.0000E+00  0.0000E+00
  28    -4.6800    -191.020 0.3840   0.1051E-01  0.4307E-03 -0.1051E-01  0.0000E+00      -1  -0.893E-01   20.00  0.0000E+00 NaN          0.0000E+00  0.0000E+00
  29    -5.0000    -191.020 0.3840   0.1051E-01  0.4307E-03 -0.1051E-01  0.0000E+00      -1  -0.893E-01   20.00  0.0000E+00 NaN          0.0000E+00  0.0000E+00
  30    -5.3200    -191.020 0.3840   0.1051E-01  0.4307E-03 -0.1051E-01  0.0000E+00      -1  -0.893E-01   20.00  0.0000E+00 NaN          0.0000E+00  0.0000E+00
  31    -5.6600    -191.020 0.3840   0.1051E-01  0.4307E-03 -0.1051E-01  0.0000E+00      -1  -0.893E-01   20.00  0.0000E+00 NaN          0.0000E+00  0.0000E+00
  32    -6.0000    -191.020 0.3840   0.1051E-01  0.4307E-03 -0.1051E-01  0.0000E+00      -1  -0.893E-01   20.00  0.0000E+00 NaN          0.0000E+00  0.0000E+00
  33    -6.3500    -191.020 0.3840   0.1051E-01  0.4307E-03 -0.1051E-01  0.0000E+00      -1  -0.893E-01   20.00  0.0000E+00 NaN          0.0000E+00  0.0000E+00
  34    -6.7700    -191.020 0.3840   0.1051E-01  0.4307E-03 -0.1051E-01  0.0000E+00      -1  -0.893E-01   20.00  0.0000E+00 NaN          0.0000E+00  0.0000E+00
  35    -7.2500    -191.020 0.3840   0.1051E-01  0.4307E-03 -0.1051E-01  0.0000E+00      -1  -0.893E-01   20.00  0.0000E+00 NaN          0.0000E+00  0.0000E+00
  36    -7.7900    -191.020 0.3840   0.1051E-01  0.4307E-03 -0.1051E-01  0.0000E+00      -1  -0.893E-01   20.00  0.0000E+00 NaN          0.0000E+00  0.0000E+00
  37    -8.4000    -191.020 0.3840   0.1051E-01  0.4307E-03 -0.1051E-01  0.0000E+00      -1  -0.893E-01   20.00  0.0000E+00 NaN          0.0000E+00  0.0000E+00
  38    -9.0800    -191.020 0.3840   0.1051E-01  0.4307E-03 -0.1051E-01  0.0000E+00      -1  -0.893E-01   20.00  0.0000E+00 NaN          0.0000E+00  0.0000E+00
  39    -9.8200    -191.020 0.3840   0.1051E-01  0.4307E-03 -0.1051E-01  0.0000E+00      -1  -0.893E-01   20.00  0.0000E+00 NaN          0.0000E+00  0.0000E+00
  40   -10.6000    -191.020 0.3840   0.1051E-01  0.4307E-03 -0.1051E-01  0.0000E+00      -1  -0.893E-01   20.00  0.0000E+00 NaN          0.0000E+00  0.0000E+00
  41   -11.5000    -191.020 0.3840   0.1051E-01  0.4307E-03 -0.1051E-01  0.0000E+00      -1  -0.893E-01   20.00  0.0000E+00 NaN          0.0000E+00  0.0000E+00
  42   -12.4000    -191.020 0.3840   0.1051E-01  0.4307E-03 -0.1051E-01  0.0000E+00      -1  -0.893E-01   20.00  0.0000E+00 NaN          0.0000E+00  0.0000E+00
  43   -13.4000    -191.020 0.3840   0.1051E-01  0.4307E-03 -0.1051E-01  0.0000E+00      -1  -0.893E-01   20.00  0.0000E+00 NaN          0.0000E+00  0.0000E+00
  44   -14.5000    -191.020 0.3840   0.1051E-01  0.4307E-03 -0.1051E-01  0.0000E+00      -1  -0.893E-01   20.00  0.0000E+00 NaN          0.0000E+00  0.0000E+00
  45   -15.7000    -191.020 0.3840   0.1051E-01  0.4307E-03 -0.1051E-01  0.0000E+00      -1  -0.893E-01   20.00  0.0000E+00 NaN          0.0000E+00  0.0000E+00
  46   -16.9000    -191.020 0.3840   0.1051E-01  0.4307E-03 -0.1051E-01  0.0000E+00      -1  -0.893E-01   20.00  0.0000E+00 NaN          0.0000E+00  0.0000E+00
  47   -18.1000    -191.020 0.3840   0.1051E-01  0.4307E-03 -0.1051E-01  0.0000E+00      -1  -0.893E-01   20.00  0.0000E+00 NaN          0.0000E+00  0.0000E+00
  48   -19.4000    -191.020 0.3840   0.1051E-01  0.4307E-03 -0.1051E-01  0.0000E+00      -1  -0.893E-01   20.00  0.0000E+00 NaN          0.0000E+00  0.0000E+00
  49   -20.8000    -191.020 0.3840   0.1051E-01  0.4307E-03 -0.1051E-01  0.0000E+00      -1  -0.893E-01   20.00  0.0000E+00 NaN          0.0000E+00  0.0000E+00
  50   -22.3000    -191.020 0.3840   0.1051E-01  0.4307E-03 -0.1051E-01  0.0000E+00      -1  -0.893E-01   20.00  0.0000E+00 NaN          0.0000E+00  0.0000E+00
  51   -23.8000    -191.020 0.3840   0.1051E-01  0.4307E-03 -0.1051E-01  0.0000E+00      -1  -0.893E-01   20.00  0.0000E+00 NaN          0.0000E+00  0.0000E+00
  52   -25.4000    -191.020 0.3840   0.1051E-01  0.4307E-03 -0.1051E-01  0.0000E+00      -1  -0.893E-01   20.00  0.0000E+00 NaN          0.0000E+00  0.0000E+00
  53   -27.1000    -191.020 0.3840   0.1051E-01  0.4307E-03 -0.1051E-01  0.0000E+00      -1  -0.893E-01   20.00  0.0000E+00 NaN          0.0000E+00  0.0000E+00
  54   -28.8000    -191.020 0.3840   0.1051E-01  0.4307E-03 -0.1051E-01  0.0000E+00      -1  -0.893E-01   20.00  0.0000E+00 NaN          0.0000E+00  0.0000E+00
  55   -30.6000    -191.020 0.3840   0.1051E-01  0.4307E-03 -0.1051E-01  0.0000E+00      -1  -0.893E-01   20.00  0.0000E+00 NaN          0.0000E+00  0.0000E+00
  56   -32.4000    -191.020 0.3840   0.1051E-01  0.4307E-03 -0.1051E-01  0.0000E+00      -1  -0.893E-01   20.00  0.0000E+00 NaN          0.0000E+00  0.0000E+00
  57   -34.4000    -191.020 0.3840   0.1051E-01  0.4307E-03 -0.1051E-01  0.0000E+00      -1  -0.893E-01   20.00  0.0000E+00 NaN          0.0000E+00  0.0000E+00
  58   -36.3000    -191.020 0.3840   0.1051E-01  0.4307E-03 -0.1051E-01  0.0000E+00      -1  -0.893E-01   20.00  0.0000E+00 NaN          0.0000E+00  0.0000E+00
  59   -38.4000    -191.020 0.3840   0.1051E-01  0.4307E-03 -0.1051E-01  0.0000E+00      -1  -0.893E-01   20.00  0.0000E+00 NaN          0.0000E+00  0.0000E+00
  60   -40.5000    -191.020 0.3840   0.1051E-01  0.4307E-03 -0.1051E-01  0.0000E+00      -1  -0.893E-01   20.00  0.0000E+00 NaN          0.0000E+00  0.0000E+00
  61   -42.7000    -191.020 0.3840   0.1051E-01  0.4307E-03 -0.1051E-01  0.0000E+00      -1  -0.893E-01   20.00  0.0000E+00 NaN          0.0000E+00  0.0000E+00
  62   -44.9000    -191.020 0.3840   0.1051E-01  0.4307E-03 -0.1051E-01  0.0000E+00      -1  -0.893E-01   20.00  0.0000E+00 NaN          0.0000E+00  0.0000E+00
  63   -47.2000    -191.020 0.3840   0.1051E-01  0.4307E-03 -0.1051E-01  0.0000E+00      -1  -0.893E-01   20.00  0.0000E+00 NaN          0.0000E+00  0.0000E+00
  64   -49.6000    -191.020 0.3840   0.1051E-01  0.4307E-03 -0.1051E-01  0.0000E+00      -1  -0.893E-01   20.00  0.0000E+00 NaN          0.0000E+00  0.0000E+00
  65   -52.1000    -191.020 0.3840   0.1051E-01  0.4307E-03 -0.1051E-01  0.0000E+00      -1  -0.893E-01   20.00  0.0000E+00 NaN          0.0000E+00  0.0000E+00
  66   -54.6000    -191.020 0.3840   0.1051E-01  0.4307E-03 -0.1051E-01  0.0000E+00      -1  -0.893E-01   20.00  0.0000E+00 NaN          0.0000E+00  0.0000E+00
  67   -57.1000    -191.020 0.3840   0.1051E-01  0.4307E-03 -0.1051E-01  0.0000E+00      -1  -0.893E-01   20.00  0.0000E+00 NaN          0.0000E+00  0.0000E+00
  68   -59.8000    -191.020 0.3840   0.1051E-01  0.4307E-03 -0.1051E-01  0.0000E+00      -1  -0.893E-01   20.00  0.0000E+00 NaN          0.0000E+00  0.0000E+00
  69   -62.5000    -191.020 0.3840   0.1051E-01  0.4307E-03 -0.1051E-01  0.0000E+00      -1  -0.893E-01   20.00  0.0000E+00 NaN          0.0000E+00  0.0000E+00
  70   -65.2000    -191.020 0.3840   0.1051E-01  0.4307E-03 -0.1051E-01  0.0000E+00      -1  -0.893E-01   20.00  0.0000E+00 NaN          0.0000E+00  0.0000E+00
  71   -68.1000    -191.020 0.3840   0.1051E-01  0.4307E-03 -0.1051E-01  0.0000E+00      -1  -0.893E-01   20.00  0.0000E+00 NaN          0.0000E+00  0.0000E+00
  72   -71.0000    -191.020 0.3840   0.1051E-01  0.4307E-03 -0.1051E-01  0.0000E+00      -1  -0.893E-01   20.00  0.0000E+00 NaN          0.0000E+00  0.0000E+00
  73   -73.9000    -191.020 0.3840   0.1051E-01  0.4307E-03 -0.1051E-01  0.0000E+00      -1  -0.893E-01   20.00  0.0000E+00 NaN          0.0000E+00  0.0000E+00
  74   -77.0000    -191.020 0.3840   0.1051E-01  0.4307E-03 -0.1051E-01  0.0000E+00      -1  -0.893E-01   20.00  0.0000E+00 NaN          0.0000E+00  0.0000E+00
  75   -80.1000    -191.020 0.3840   0.1051E-01  0.4307E-03 -0.1051E-01  0.0000E+00      -1  -0.893E-01   20.00  0.0000E+00 NaN          0.0000E+00  0.0000E+00
  76   -83.2000    -191.020 0.3840   0.1051E-01  0.4307E-03 -0.1051E-01  0.0000E+00      -1  -0.893E-01   20.00  0.0000E+00 NaN          0.0000E+00  0.0000E+00
  77   -86.4000    -191.020 0.3840   0.1051E-01  0.4307E-03 -0.1051E-01  0.0000E+00      -1  -0.893E-01   20.00  0.0000E+00 NaN          0.0000E+00  0.0000E+00
  78   -89.7000    -191.020 0.3840   0.1051E-01  0.4307E-03 -0.1051E-01  0.0000E+00      -1  -0.893E-01   20.00  0.0000E+00 NaN          0.0000E+00  0.0000E+00
  79   -93.1000    -191.020 0.3840   0.1051E-01  0.4307E-03 -0.1051E-01  0.0000E+00      -1  -0.893E-01   20.00  0.0000E+00 NaN          0.0000E+00  0.0000E+00
  80   -96.5000    -191.020 0.3840   0.1051E-01  0.4307E-03 -0.1051E-01  0.0000E+00      -1  -0.893E-01   20.00  0.0000E+00 NaN          0.0000E+00  0.0000E+00
  81  -100.0000    -191.020 0.3840   0.1051E-01  0.4307E-03 -0.1051E-01  0.0000E+00      -1  -0.893E-01   20.00  0.0000E+00 NaN          0.0000E+00  0.0000E+00
end
