 ******* Program HYDRUS
 ******* 
 Welcome to HYDRUS-1D                                                    
 Date:  26. 6.    Time:  20:18: 6
 Units: L = cm   , T = hours, M = mmol 


    n      depth     THr       THs       hs       Ks        Ks/KsTop     Beta      Ah        AK        ATh

    1      0.00     0.063     0.450       0.0   0.118E+00     1.000     0.000     1.000     1.000     1.000
    2      0.04     0.063     0.450       0.0   0.118E+00     1.000     0.000     1.000     1.000     1.000
    3      0.10     0.063     0.450       0.0   0.118E+00     1.000     0.000     1.000     1.000     1.000
    4      0.16     0.063     0.450       0.0   0.118E+00     1.000     0.000     1.000     1.000     1.000
    5      0.23     0.063     0.450       0.0   0.118E+00     1.000     0.000     1.000     1.000     1.000
    6      0.31     0.063     0.450       0.0   0.118E+00     1.000     0.000     1.000     1.000     1.000
    7      0.41     0.063     0.450       0.0   0.118E+00     1.000     0.000     1.000     1.000     1.000
    8      0.51     0.063     0.450       0.0   0.118E+00     1.000     0.000     1.000     1.000     1.000
    9      0.62     0.063     0.450       0.0   0.118E+00     1.000     0.000     1.000     1.000     1.000
   10      0.75     0.063     0.450       0.0   0.118E+00     1.000     0.000     1.000     1.000     1.000
   11      0.88     0.063     0.450       0.0   0.118E+00     1.000     0.000     1.000     1.000     1.000
   12      1.02     0.063     0.450       0.0   0.118E+00     1.000     0.000     1.000     1.000     1.000
   13      1.18     0.063     0.450       0.0   0.118E+00     1.000     0.000     1.000     1.000     1.000
   14      1.34     0.063     0.450       0.0   0.118E+00     1.000     0.000     1.000     1.000     1.000
   15      1.51     0.063     0.450       0.0   0.118E+00     1.000     0.000     1.000     1.000     1.000
   16      1.70     0.063     0.450       0.0   0.118E+00     1.000     0.000     1.000     1.000     1.000
   17      1.89     0.063     0.450       0.0   0.118E+00     1.000     0.000     1.000     1.000     1.000
   18      2.09     0.063     0.450       0.0   0.118E+00     1.000     0.000     1.000     1.000     1.000
   19      2.31     0.063     0.450       0.0   0.118E+00     1.000     0.000     1.000     1.000     1.000
   20      2.53     0.063     0.450       0.0   0.118E+00     1.000     0.000     1.000     1.000     1.000
   21      2.76     0.063     0.450       0.0   0.118E+00     1.000     0.000     1.000     1.000     1.000
   22      3.01     0.063     0.450       0.0   0.118E+00     1.000     0.000     1.000     1.000     1.000
   23      3.26     0.063     0.450       0.0   0.118E+00     1.000     0.000     1.000     1.000     1.000
   24      3.53     0.063     0.450       0.0   0.118E+00     1.000     0.000     1.000     1.000     1.000
   25      3.80     0.063     0.450       0.0   0.118E+00     1.000     0.000     1.000     1.000     1.000
   26      4.08     0.063     0.450       0.0   0.118E+00     1.000     0.000     1.000     1.000     1.000
   27      4.38     0.063     0.450       0.0   0.118E+00     1.000     0.000     1.000     1.000     1.000
   28      4.68     0.063     0.450       0.0   0.118E+00     1.000     0.000     1.000     1.000     1.000
   29      5.00     0.063     0.450       0.0   0.118E+00     1.000     0.000     1.000     1.000     1.000
   30      5.32     0.063     0.450       0.0   0.118E+00     1.000     0.000     1.000     1.000     1.000
   31      5.66     0.063     0.450       0.0   0.118E+00     1.000     0.000     1.000     1.000     1.000
   32      6.00     0.063     0.450       0.0   0.118E+00     1.000     0.000     1.000     1.000     1.000
   33      6.35     0.063     0.450       0.0   0.118E+00     1.000     0.000     1.000     1.000     1.000
   34      6.77     0.063     0.450       0.0   0.118E+00     1.000     0.000     1.000     1.000     1.000
   35      7.25     0.063     0.450       0.0   0.118E+00     1.000     0.000     1.000     1.000     1.000
   36      7.79     0.063     0.450       0.0   0.118E+00     1.000     0.000     1.000     1.000     1.000
   37      8.40     0.063     0.450       0.0   0.118E+00     1.000     0.000     1.000     1.000     1.000
   38      9.08     0.063     0.450       0.0   0.118E+00     1.000     0.000     1.000     1.000     1.000
   39      9.82     0.063     0.450       0.0   0.118E+00     1.000     0.000     1.000     1.000     1.000
   40     10.60     0.063     0.450       0.0   0.118E+00     1.000     0.000     1.000     1.000     1.000
   41     11.50     0.063     0.450       0.0   0.118E+00     1.000     0.000     1.000     1.000     1.000
   42     12.40     0.063     0.450       0.0   0.118E+00     1.000     0.000     1.000     1.000     1.000
   43     13.40     0.063     0.450       0.0   0.118E+00     1.000     0.000     1.000     1.000     1.000
   44     14.50     0.063     0.450       0.0   0.118E+00     1.000     0.000     1.000     1.000     1.000
   45     15.70     0.063     0.450       0.0   0.118E+00     1.000     0.000     1.000     1.000     1.000
   46     16.90     0.063     0.450       0.0   0.118E+00     1.000     0.000     1.000     1.000     1.000
   47     18.10     0.063     0.450       0.0   0.118E+00     1.000     0.000     1.000     1.000     1.000
   48     19.40     0.063     0.450       0.0   0.118E+00     1.000     0.000     1.000     1.000     1.000
   49     20.80     0.063     0.450       0.0   0.118E+00     1.000     0.000     1.000     1.000     1.000
   50     22.30     0.063     0.450       0.0   0.118E+00     1.000     0.000     1.000     1.000     1.000
   51     23.80     0.063     0.450       0.0   0.118E+00     1.000     0.000     1.000     1.000     1.000
   52     25.40     0.063     0.450       0.0   0.118E+00     1.000     0.000     1.000     1.000     1.000
   53     27.10     0.063     0.450       0.0   0.118E+00     1.000     0.000     1.000     1.000     1.000
   54     28.80     0.063     0.450       0.0   0.118E+00     1.000     0.000     1.000     1.000     1.000
   55     30.60     0.063     0.450       0.0   0.118E+00     1.000     0.000     1.000     1.000     1.000
   56     32.40     0.063     0.450       0.0   0.118E+00     1.000     0.000     1.000     1.000     1.000
   57     34.40     0.063     0.450       0.0   0.118E+00     1.000     0.000     1.000     1.000     1.000
   58     36.30     0.063     0.450       0.0   0.118E+00     1.000     0.000     1.000     1.000     1.000
   59     38.40     0.063     0.450       0.0   0.118E+00     1.000     0.000     1.000     1.000     1.000
   60     40.50     0.063     0.450       0.0   0.118E+00     1.000     0.000     1.000     1.000     1.000
   61     42.70     0.063     0.450       0.0   0.118E+00     1.000     0.000     1.000     1.000     1.000
   62     44.90     0.063     0.450       0.0   0.118E+00     1.000     0.000     1.000     1.000     1.000
   63     47.20     0.063     0.450       0.0   0.118E+00     1.000     0.000     1.000     1.000     1.000
   64     49.60     0.063     0.450       0.0   0.118E+00     1.000     0.000     1.000     1.000     1.000
   65     52.10     0.063     0.450       0.0   0.118E+00     1.000     0.000     1.000     1.000     1.000
   66     54.60     0.063     0.450       0.0   0.118E+00     1.000     0.000     1.000     1.000     1.000
   67     57.10     0.063     0.450       0.0   0.118E+00     1.000     0.000     1.000     1.000     1.000
   68     59.80     0.063     0.450       0.0   0.118E+00     1.000     0.000     1.000     1.000     1.000
   69     62.50     0.063     0.450       0.0   0.118E+00     1.000     0.000     1.000     1.000     1.000
   70     65.20     0.063     0.450       0.0   0.118E+00     1.000     0.000     1.000     1.000     1.000
   71     68.10     0.063     0.450       0.0   0.118E+00     1.000     0.000     1.000     1.000     1.000
   72     71.00     0.063     0.450       0.0   0.118E+00     1.000     0.000     1.000     1.000     1.000
   73     73.90     0.063     0.450       0.0   0.118E+00     1.000     0.000     1.000     1.000     1.000
   74     77.00     0.063     0.450       0.0   0.118E+00     1.000     0.000     1.000     1.000     1.000
   75     80.10     0.063     0.450       0.0   0.118E+00     1.000     0.000     1.000     1.000     1.000
   76     83.20     0.063     0.450       0.0   0.118E+00     1.000     0.000     1.000     1.000     1.000
   77     86.40     0.063     0.450       0.0   0.118E+00     1.000     0.000     1.000     1.000     1.000
   78     89.70     0.063     0.450       0.0   0.118E+00     1.000     0.000     1.000     1.000     1.000
   79     93.10     0.063     0.450       0.0   0.118E+00     1.000     0.000     1.000     1.000     1.000
   80     96.50     0.063     0.450       0.0   0.118E+00     1.000     0.000     1.000     1.000     1.000
   81    100.00     0.063     0.450       0.0   0.118E+00     1.000     0.000     1.000     1.000     1.000
end
