 ******* Program HYDRUS
 ******* 
 Welcome to HYDRUS-1D                                                    
 Date:  26. 6.    Time:  20:18: 6
 Units: L = cm   , T = hours, M = mmol 
 
 CosAlf,MaxIt,TolTh,  TolH
 1.000   20   0.000 0.10000
 
 TopInF,BotInF,AtmBC,SinkF,WLayer,qGWLF,FreeD,SeepF,lWat,lChem,lTemp,lRoot,lWDep
     T     T     T     F     T     F     F     F     T     F     F     F     F

Nodal point information

node      x         hOld    MatN LayN  Beta      Ah       AK      ATh     Temp    Conc(1...NS)         Sorb(1...NS)

   1      0.000   -191.020    1    1   0.000    1.000    1.000    1.000
   2     -0.043   -191.020    1    1   0.000    1.000    1.000    1.000
   3     -0.095   -191.020    1    1   0.000    1.000    1.000    1.000
   4     -0.158   -191.020    1    1   0.000    1.000    1.000    1.000
   5     -0.231   -191.020    1    1   0.000    1.000    1.000    1.000
   6     -0.314   -191.020    1    1   0.000    1.000    1.000    1.000
   7     -0.407   -191.020    1    1   0.000    1.000    1.000    1.000
   8     -0.510   -191.020    1    1   0.000    1.000    1.000    1.000
   9     -0.623   -191.020    1    1   0.000    1.000    1.000    1.000
  10     -0.746   -191.020    1    1   0.000    1.000    1.000    1.000
  11     -0.880   -191.020    1    1   0.000    1.000    1.000    1.000
  12     -1.020   -191.020    1    1   0.000    1.000    1.000    1.000
  13     -1.180   -191.020    1    1   0.000    1.000    1.000    1.000
  14     -1.340   -191.020    1    1   0.000    1.000    1.000    1.000
  15     -1.510   -191.020    1    1   0.000    1.000    1.000    1.000
  16     -1.700   -191.020    1    1   0.000    1.000    1.000    1.000
  17     -1.890   -191.020    1    1   0.000    1.000    1.000    1.000
  18     -2.090   -191.020    1    1   0.000    1.000    1.000    1.000
  19     -2.310   -191.020    1    1   0.000    1.000    1.000    1.000
  20     -2.530   -191.020    1    1   0.000    1.000    1.000    1.000
  21     -2.760   -191.020    1    1   0.000    1.000    1.000    1.000
  22     -3.010   -191.020    1    1   0.000    1.000    1.000    1.000
  23     -3.260   -191.020    1    1   0.000    1.000    1.000    1.000
  24     -3.530   -191.020    1    1   0.000    1.000    1.000    1.000
  25     -3.800   -191.020    1    1   0.000    1.000    1.000    1.000
  26     -4.080   -191.020    1    1   0.000    1.000    1.000    1.000
  27     -4.380   -191.020    1    1   0.000    1.000    1.000    1.000
  28     -4.680   -191.020    1    1   0.000    1.000    1.000    1.000
  29     -5.000   -191.020    1    1   0.000    1.000    1.000    1.000
  30     -5.320   -191.020    1    1   0.000    1.000    1.000    1.000
  31     -5.660   -191.020    1    1   0.000    1.000    1.000    1.000
  32     -6.000   -191.020    1    1   0.000    1.000    1.000    1.000
  33     -6.350   -191.020    1    1   0.000    1.000    1.000    1.000
  34     -6.770   -191.020    1    1   0.000    1.000    1.000    1.000
  35     -7.250   -191.020    1    1   0.000    1.000    1.000    1.000
  36     -7.790   -191.020    1    1   0.000    1.000    1.000    1.000
  37     -8.400   -191.020    1    1   0.000    1.000    1.000    1.000
  38     -9.080   -191.020    1    1   0.000    1.000    1.000    1.000
  39     -9.820   -191.020    1    1   0.000    1.000    1.000    1.000
  40    -10.600   -191.020    1    1   0.000    1.000    1.000    1.000
  41    -11.500   -191.020    1    1   0.000    1.000    1.000    1.000
  42    -12.400   -191.020    1    1   0.000    1.000    1.000    1.000
  43    -13.400   -191.020    1    1   0.000    1.000    1.000    1.000
  44    -14.500   -191.020    1    1   0.000    1.000    1.000    1.000
  45    -15.700   -191.020    1    1   0.000    1.000    1.000    1.000
  46    -16.900   -191.020    1    1   0.000    1.000    1.000    1.000
  47    -18.100   -191.020    1    1   0.000    1.000    1.000    1.000
  48    -19.400   -191.020    1    1   0.000    1.000    1.000    1.000
  49    -20.800   -191.020    1    1   0.000    1.000    1.000    1.000
  50    -22.300   -191.020    1    1   0.000    1.000    1.000    1.000
  51    -23.800   -191.020    1    1   0.000    1.000    1.000    1.000
  52    -25.400   -191.020    1    1   0.000    1.000    1.000    1.000
  53    -27.100   -191.020    1    1   0.000    1.000    1.000    1.000
  54    -28.800   -191.020    1    1   0.000    1.000    1.000    1.000
  55    -30.600   -191.020    1    1   0.000    1.000    1.000    1.000
  56    -32.400   -191.020    1    1   0.000    1.000    1.000    1.000
  57    -34.400   -191.020    1    1   0.000    1.000    1.000    1.000
  58    -36.300   -191.020    1    1   0.000    1.000    1.000    1.000
  59    -38.400   -191.020    1    1   0.000    1.000    1.000    1.000
  60    -40.500   -191.020    1    1   0.000    1.000    1.000    1.000
  61    -42.700   -191.020    1    1   0.000    1.000    1.000    1.000
  62    -44.900   -191.020    1    1   0.000    1.000    1.000    1.000
  63    -47.200   -191.020    1    1   0.000    1.000    1.000    1.000
  64    -49.600   -191.020    1    1   0.000    1.000    1.000    1.000
  65    -52.100   -191.020    1    1   0.000    1.000    1.000    1.000
  66    -54.600   -191.020    1    1   0.000    1.000    1.000    1.000
  67    -57.100   -191.020    1    1   0.000    1.000    1.000    1.000
  68    -59.800   -191.020    1    1   0.000    1.000    1.000    1.000
  69    -62.500   -191.020    1    1   0.000    1.000    1.000    1.000
  70    -65.200   -191.020    1    1   0.000    1.000    1.000    1.000
  71    -68.100   -191.020    1    1   0.000    1.000    1.000    1.000
  72    -71.000   -191.020    1    1   0.000    1.000    1.000    1.000
  73    -73.900   -191.020    1    1   0.000    1.000    1.000    1.000
  74    -77.000   -191.020    1    1   0.000    1.000    1.000    1.000
  75    -80.100   -191.020    1    1   0.000    1.000    1.000    1.000
  76    -83.200   -191.020    1    1   0.000    1.000    1.000    1.000
  77    -86.400   -191.020    1    1   0.000    1.000    1.000    1.000
  78    -89.700   -191.020    1    1   0.000    1.000    1.000    1.000
  79    -93.100   -191.020    1    1   0.000    1.000    1.000    1.000
  80    -96.500   -191.020    1    1   0.000    1.000    1.000    1.000
  81   -100.000   -191.020    1    1   0.000    1.000    1.000    1.000
end

 Number of species in the chain :   0


MatNum, Param. array:

   Mat     Qr     Qs        Alfa         n          Ks      l

    1    0.063  0.450   0.375E-02   0.171E+01   0.118E+00  1.587

       Table of Hydraulic Properties which are interpolated in simulation
       =================================================================

  theta         h        log h        C             K        log K          S          Kv
 
  0.4496  -0.100E+00 -0.1000E+01  0.3774E-05  0.1169E+00 -0.9320E+00    1.0000  0.2940E-29
  0.4496  -0.115E+00 -0.9394E+00  0.4168E-05  0.1168E+00 -0.9324E+00    1.0000  0.6795E-29
  0.4496  -0.132E+00 -0.8788E+00  0.4602E-05  0.1167E+00 -0.9327E+00    1.0000  0.1773E-28
  0.4496  -0.152E+00 -0.8182E+00  0.5083E-05  0.1166E+00 -0.9332E+00    1.0000  0.3730E-28
  0.4496  -0.175E+00 -0.7576E+00  0.5613E-05  0.1165E+00 -0.9336E+00    1.0000  0.8202E-28
  0.4496  -0.201E+00 -0.6970E+00  0.6198E-05  0.1164E+00 -0.9341E+00    1.0000  0.1787E-27
  0.4496  -0.231E+00 -0.6364E+00  0.6845E-05  0.1162E+00 -0.9346E+00    1.0000  0.4194E-27
  0.4496  -0.266E+00 -0.5758E+00  0.7559E-05  0.1161E+00 -0.9353E+00    1.0000  0.9015E-27
  0.4496  -0.305E+00 -0.5152E+00  0.8347E-05  0.1159E+00 -0.9359E+00    1.0000  0.2064E-26
  0.4496  -0.351E+00 -0.4545E+00  0.9218E-05  0.1157E+00 -0.9367E+00    1.0000  0.4459E-26
  0.4496  -0.404E+00 -0.3939E+00  0.1018E-04  0.1155E+00 -0.9375E+00    1.0000  0.1030E-25
  0.4496  -0.464E+00 -0.3333E+00  0.1124E-04  0.1152E+00 -0.9384E+00    1.0000  0.2222E-25
  0.4496  -0.534E+00 -0.2727E+00  0.1241E-04  0.1150E+00 -0.9394E+00    1.0000  0.4987E-25
  0.4496  -0.614E+00 -0.2121E+00  0.1371E-04  0.1147E+00 -0.9405E+00    1.0000  0.1104E-24
  0.4496  -0.705E+00 -0.1515E+00  0.1514E-04  0.1144E+00 -0.9417E+00    1.0000  0.2428E-24
  0.4496  -0.811E+00 -0.9091E-01  0.1672E-04  0.1140E+00 -0.9431E+00    1.0000  0.5424E-24
  0.4496  -0.933E+00 -0.3030E-01  0.1846E-04  0.1136E+00 -0.9446E+00    1.0000  0.1205E-23
  0.4496  -0.107E+01  0.3030E-01  0.2038E-04  0.1132E+00 -0.9462E+00    1.0000  0.2668E-23
  0.4496  -0.123E+01  0.9091E-01  0.2251E-04  0.1127E+00 -0.9481E+00    1.0000  0.5889E-23
  0.4496  -0.142E+01  0.1515E+00  0.2486E-04  0.1122E+00 -0.9501E+00    0.9999  0.1307E-22
  0.4496  -0.163E+01  0.2121E+00  0.2745E-04  0.1116E+00 -0.9524E+00    0.9999  0.2893E-22
  0.4496  -0.187E+01  0.2727E+00  0.3031E-04  0.1110E+00 -0.9549E+00    0.9999  0.6422E-22
  0.4496  -0.215E+01  0.3333E+00  0.3347E-04  0.1102E+00 -0.9576E+00    0.9999  0.1422E-21
  0.4495  -0.248E+01  0.3939E+00  0.3696E-04  0.1095E+00 -0.9607E+00    0.9999  0.3156E-21
  0.4495  -0.285E+01  0.4545E+00  0.4081E-04  0.1086E+00 -0.9641E+00    0.9998  0.6991E-21
  0.4495  -0.327E+01  0.5152E+00  0.4506E-04  0.1077E+00 -0.9679E+00    0.9998  0.1548E-20
  0.4495  -0.376E+01  0.5758E+00  0.4975E-04  0.1066E+00 -0.9721E+00    0.9997  0.3432E-20
  0.4495  -0.433E+01  0.6364E+00  0.5492E-04  0.1055E+00 -0.9767E+00    0.9996  0.7601E-20
  0.4494  -0.498E+01  0.6970E+00  0.6063E-04  0.1043E+00 -0.9819E+00    0.9995  0.1684E-19
  0.4494  -0.572E+01  0.7576E+00  0.6693E-04  0.1029E+00 -0.9877E+00    0.9994  0.3730E-19
  0.4493  -0.658E+01  0.8182E+00  0.7387E-04  0.1014E+00 -0.9941E+00    0.9993  0.8261E-19
  0.4492  -0.756E+01  0.8788E+00  0.8152E-04  0.9971E-01 -0.1001E+01    0.9991  0.1829E-18
  0.4491  -0.870E+01  0.9394E+00  0.8994E-04  0.9789E-01 -0.1009E+01    0.9988  0.4047E-18
  0.4490  -0.100E+02  0.1000E+01  0.9922E-04  0.9589E-01 -0.1018E+01    0.9985  0.8954E-18
  0.4489  -0.115E+02  0.1061E+01  0.1094E-03  0.9371E-01 -0.1028E+01    0.9981  0.1980E-17
  0.4487  -0.132E+02  0.1121E+01  0.1206E-03  0.9133E-01 -0.1039E+01    0.9976  0.4376E-17
  0.4484  -0.152E+02  0.1182E+01  0.1329E-03  0.8873E-01 -0.1052E+01    0.9969  0.9663E-17
  0.4481  -0.175E+02  0.1242E+01  0.1464E-03  0.8590E-01 -0.1066E+01    0.9961  0.2132E-16
  0.4477  -0.201E+02  0.1303E+01  0.1610E-03  0.8282E-01 -0.1082E+01    0.9951  0.4697E-16
  0.4472  -0.231E+02  0.1364E+01  0.1770E-03  0.7948E-01 -0.1100E+01    0.9937  0.1033E-15
  0.4465  -0.266E+02  0.1424E+01  0.1944E-03  0.7587E-01 -0.1120E+01    0.9921  0.2269E-15
  0.4457  -0.305E+02  0.1485E+01  0.2131E-03  0.7199E-01 -0.1143E+01    0.9900  0.4968E-15
  0.4447  -0.351E+02  0.1545E+01  0.2332E-03  0.6783E-01 -0.1169E+01    0.9873  0.1084E-14
  0.4434  -0.404E+02  0.1606E+01  0.2546E-03  0.6340E-01 -0.1198E+01    0.9840  0.2358E-14
  0.4418  -0.464E+02  0.1667E+01  0.2772E-03  0.5871E-01 -0.1231E+01    0.9799  0.5102E-14
  0.4398  -0.534E+02  0.1727E+01  0.3006E-03  0.5378E-01 -0.1269E+01    0.9747  0.1097E-13
  0.4373  -0.614E+02  0.1788E+01  0.3245E-03  0.4867E-01 -0.1313E+01    0.9682  0.2340E-13
  0.4342  -0.705E+02  0.1848E+01  0.3483E-03  0.4343E-01 -0.1362E+01    0.9602  0.4947E-13
  0.4304  -0.811E+02  0.1909E+01  0.3714E-03  0.3813E-01 -0.1419E+01    0.9503  0.1033E-12
  0.4258  -0.933E+02  0.1970E+01  0.3927E-03  0.3287E-01 -0.1483E+01    0.9383  0.2129E-12
  0.4201  -0.107E+03  0.2030E+01  0.4112E-03  0.2775E-01 -0.1557E+01    0.9238  0.4311E-12
  0.4134  -0.123E+03  0.2091E+01  0.4256E-03  0.2288E-01 -0.1640E+01    0.9064  0.8558E-12
  0.4055  -0.142E+03  0.2152E+01  0.4347E-03  0.1839E-01 -0.1735E+01    0.8858  0.1659E-11
  0.3962  -0.163E+03  0.2212E+01  0.4372E-03  0.1437E-01 -0.1843E+01    0.8618  0.3132E-11
  0.3856  -0.187E+03  0.2273E+01  0.4323E-03  0.1089E-01 -0.1963E+01    0.8343  0.5734E-11
  0.3736  -0.215E+03  0.2333E+01  0.4197E-03  0.7994E-02 -0.2097E+01    0.8034  0.1015E-10
  0.3604  -0.248E+03  0.2394E+01  0.3996E-03  0.5680E-02 -0.2246E+01    0.7692  0.1733E-10
  0.3460  -0.285E+03  0.2455E+01  0.3729E-03  0.3904E-02 -0.2408E+01    0.7321  0.2848E-10
  0.3308  -0.327E+03  0.2515E+01  0.3411E-03  0.2598E-02 -0.2585E+01    0.6927  0.4498E-10
  0.3150  -0.376E+03  0.2576E+01  0.3059E-03  0.1676E-02 -0.2776E+01    0.6517  0.6829E-10
  0.2988  -0.433E+03  0.2636E+01  0.2694E-03  0.1051E-02 -0.2979E+01    0.6098  0.9973E-10
  0.2825  -0.498E+03  0.2697E+01  0.2332E-03  0.6414E-03 -0.3193E+01    0.5677  0.1403E-09
  0.2664  -0.572E+03  0.2758E+01  0.1988E-03  0.3825E-03 -0.3417E+01    0.5262  0.1904E-09
  0.2508  -0.658E+03  0.2818E+01  0.1672E-03  0.2235E-03 -0.3651E+01    0.4857  0.2502E-09
  0.2358  -0.756E+03  0.2879E+01  0.1390E-03  0.1283E-03 -0.3892E+01    0.4469  0.3189E-09
  0.2215  -0.870E+03  0.2939E+01  0.1144E-03  0.7255E-04 -0.4139E+01    0.4099  0.3956E-09
  0.2081  -0.100E+04  0.3000E+01  0.9334E-04  0.4052E-04 -0.4392E+01    0.3751  0.4789E-09
  0.1955  -0.115E+04  0.3061E+01  0.7566E-04  0.2240E-04 -0.4650E+01    0.3425  0.5672E-09
  0.1838  -0.132E+04  0.3121E+01  0.6097E-04  0.1228E-04 -0.4911E+01    0.3123  0.6588E-09
  0.1730  -0.152E+04  0.3182E+01  0.4891E-04  0.6686E-05 -0.5175E+01    0.2843  0.7523E-09
  0.1630  -0.175E+04  0.3242E+01  0.3909E-04  0.3621E-05 -0.5441E+01    0.2586  0.8463E-09
  0.1539  -0.201E+04  0.3303E+01  0.3115E-04  0.1952E-05 -0.5710E+01    0.2349  0.9393E-09
  0.1455  -0.231E+04  0.3364E+01  0.2476E-04  0.1048E-05 -0.5979E+01    0.2133  0.1031E-08
  0.1379  -0.266E+04  0.3424E+01  0.1965E-04  0.5616E-06 -0.6251E+01    0.1936  0.1119E-08
  0.1310  -0.305E+04  0.3485E+01  0.1556E-04  0.3002E-06 -0.6523E+01    0.1756  0.1204E-08
  0.1246  -0.351E+04  0.3545E+01  0.1231E-04  0.1601E-06 -0.6796E+01    0.1592  0.1285E-08
  0.1189  -0.404E+04  0.3606E+01  0.9733E-05  0.8531E-07 -0.7069E+01    0.1443  0.1362E-08
  0.1136  -0.464E+04  0.3667E+01  0.7687E-05  0.4540E-07 -0.7343E+01    0.1308  0.1435E-08
  0.1089  -0.534E+04  0.3727E+01  0.6068E-05  0.2414E-07 -0.7617E+01    0.1185  0.1502E-08
  0.1046  -0.614E+04  0.3788E+01  0.4788E-05  0.1282E-07 -0.7892E+01    0.1074  0.1566E-08
  0.1007  -0.705E+04  0.3848E+01  0.3776E-05  0.6810E-08 -0.8167E+01    0.0973  0.1625E-08
  0.0971  -0.811E+04  0.3909E+01  0.2977E-05  0.3615E-08 -0.8442E+01    0.0881  0.1679E-08
  0.0939  -0.933E+04  0.3970E+01  0.2347E-05  0.1918E-08 -0.8717E+01    0.0798  0.1729E-08
  0.0910  -0.107E+05  0.4030E+01  0.1850E-05  0.1017E-08 -0.8992E+01    0.0723  0.1775E-08
  0.0884  -0.123E+05  0.4091E+01  0.1458E-05  0.5396E-09 -0.9268E+01    0.0655  0.1816E-08
  0.0860  -0.142E+05  0.4152E+01  0.1149E-05  0.2861E-09 -0.9543E+01    0.0593  0.1854E-08
  0.0838  -0.163E+05  0.4212E+01  0.9049E-06  0.1517E-09 -0.9819E+01    0.0537  0.1888E-08
  0.0819  -0.187E+05  0.4273E+01  0.7129E-06  0.8043E-10 -0.1009E+02    0.0486  0.1919E-08
  0.0801  -0.215E+05  0.4333E+01  0.5616E-06  0.4263E-10 -0.1037E+02    0.0440  0.1946E-08
  0.0785  -0.248E+05  0.4394E+01  0.4424E-06  0.2260E-10 -0.1065E+02    0.0399  0.1970E-08
  0.0770  -0.285E+05  0.4455E+01  0.3484E-06  0.1198E-10 -0.1092E+02    0.0361  0.1990E-08
  0.0757  -0.327E+05  0.4515E+01  0.2745E-06  0.6348E-11 -0.1120E+02    0.0327  0.2008E-08
  0.0745  -0.376E+05  0.4576E+01  0.2162E-06  0.3365E-11 -0.1147E+02    0.0296  0.2022E-08
  0.0734  -0.433E+05  0.4636E+01  0.1703E-06  0.1783E-11 -0.1175E+02    0.0268  0.2033E-08
  0.0725  -0.498E+05  0.4697E+01  0.1341E-06  0.9451E-12 -0.1202E+02    0.0243  0.2041E-08
  0.0716  -0.572E+05  0.4758E+01  0.1056E-06  0.5008E-12 -0.1230E+02    0.0220  0.2046E-08
  0.0708  -0.658E+05  0.4818E+01  0.8320E-07  0.2654E-12 -0.1258E+02    0.0199  0.2048E-08
  0.0701  -0.756E+05  0.4879E+01  0.6553E-07  0.1407E-12 -0.1285E+02    0.0180  0.2046E-08
  0.0694  -0.870E+05  0.4939E+01  0.5161E-07  0.7454E-13 -0.1313E+02    0.0163  0.2041E-08
  0.0688  -0.100E+06  0.5000E+01  0.4065E-07  0.3950E-13 -0.1340E+02    0.0148  0.2033E-08
end
