  1.6223717E-02
  3.8234532E-02
  5.3569123E-02
  6.0927756E-02
  5.6077320E-02
  4.5365207E-02
  3.3818953E-02
  3.8625907E-02
  8.1292793E-02
  0.1438947    
  0.1594846    
  0.1599919    
  0.1565714    
  0.1353111    
  0.1160482    
  9.2824198E-02
  7.0050806E-02
  5.7943273E-02
  4.6723466E-02
  3.6328636E-02
  3.3000752E-02
  0.3579328    
  0.5112468    
  0.5368068    
  0.4683776    
  0.4363489    
  0.3831038    
  0.3734124    
  0.3290561    
  0.2649303    
  0.2004699    
  0.1463131    
  0.1053917    
  7.6553777E-02
  5.7202667E-02
  8.5953996E-02
  0.1545709    
  0.1769132    
  0.1639827    
  0.1361157    
  0.1067884    
  8.2063973E-02
  6.3472040E-02
  5.0444301E-02
  4.1738909E-02
  3.9386094E-02
  5.3790480E-02
  0.1151489    
  0.2910877    
  0.3580100    
  0.3382019    
  0.2801624    
  0.2231434    
  0.1710417    
  0.1285904    
  9.6804455E-02
  7.4429810E-02
  5.9379466E-02
  4.9590357E-02
  4.3376409E-02
  3.9494917E-02
  3.7088502E-02
  3.5592355E-02
  3.4646962E-02
  3.4029491E-02
  3.3604734E-02
  3.3292033E-02
  3.3044241E-02
  3.2833446E-02
  3.2643843E-02
  3.2466482E-02
  3.2296319E-02
  3.2130513E-02
  3.1967483E-02
  3.1806346E-02
  3.1646851E-02
  3.1488597E-02
  3.1331070E-02
  3.1174244E-02
  3.1018429E-02
  3.0863533E-02
  3.0709201E-02
  3.0555502E-02
  3.0402528E-02
  3.0250331E-02
  3.0098936E-02
  2.9948335E-02
  2.9798519E-02
  2.9649481E-02
  2.9501455E-02
  2.9354049E-02
  2.9207271E-02
  2.9061168E-02
  2.8915787E-02
  2.8771142E-02
  2.8627234E-02
  2.8484061E-02
  2.8341614E-02
  2.8199891E-02
  2.8058879E-02
  2.7918579E-02
  2.7778983E-02
  2.7640088E-02
  2.7501883E-02
  0.1006312    
  0.1786751    
  0.1991758    
  0.1814061    
  0.1489045    
  0.1160229    
  8.8836260E-02
  6.8635806E-02
  5.4595985E-02
  0.2704298    
  0.4375694    
  0.4649490    
  0.4084105    
  0.3236220    
  0.2455194    
  0.1844196    
  0.2735634    
  0.3050497    
  0.2822286    
  0.2342745    
  0.3941565    
  0.4521951    
  0.4933955    
  0.4937223    
  0.4698696    
  0.8646954    
   1.004564    
  0.9284327    
  0.7564074    
  0.5729063    
  0.8087322    
  0.9407038    
  0.8875700    
  0.7381995    
  0.5701399    
  0.4233812    
  0.3105620    
  0.2303408    
  0.1762246    
  0.1410604    
  0.4943692    
  0.6673213    
  0.6617906    
  0.6440898    
  0.5638623    
  0.5178055    
  0.4508167    
  0.3711656    
  0.2959743    
  0.2344640    
  0.2100478    
   1.195341    
   1.678137    
   1.670504    
   1.663783    
   1.464749    
   1.177425    
  0.8935778    
  0.6583294    
  0.5354480    
  0.8430928    
   1.550392    
   1.772157    
   1.642614    
   1.350606    
   1.037830    
  0.7712874    
  0.6237302    
  0.6726453    
   1.978760    
   2.539498    
   2.444486    
   2.038147    
   1.569847    
   1.333786    
   2.451418    
   2.876607    
   2.684705    
   2.210972    
   1.697273    
   1.313119    
   1.006443    
  0.7717593    
  0.6101913    
  0.4962639    
  0.4216475    
  0.3829701    
  0.3537438    
  0.3297619    
  0.9317625    
   1.215748    
   1.205038    
   1.048054    
  0.8559283    
   1.278437    
   1.597068    
   1.581314    
   2.989557    
   3.593620    
   3.397711    
   2.821360    
   2.178615    
   2.358937    
   4.301533    
   5.184373    
   4.908436    
   4.619833    
   6.781502    
   8.130180    
   7.807315    
   6.540675    
   5.048616    
   3.719530    
   2.686234    
   2.116125    
   1.696214    
   1.369309    
   1.121422    
  0.9419071    
  0.8173125    
  0.7336993    
  0.9775047    
   1.735044    
   3.084458    
   3.507090    
   4.360457    
   4.523958    
   4.041996    
   3.318696    
   3.091184    
   2.729000    
   2.285479    
   1.854709    
   2.661654    
   2.972469    
   2.790659    
   2.380246    
   1.939275    
   1.752607    
   1.557733    
   1.355357    
   1.173248    
   1.027059    
  0.9211377    
  0.8796930    
  0.8441008    
  0.8090771    
  0.7774559    
   1.546494    
   1.908428    
   1.893179    
   1.694176    
   1.648007    
   1.571283    
   2.181937    
   2.374256    
   2.216490    
   2.135716    
   1.947896    
   1.688934    
   1.689086    
   1.595769    
   1.430345    
   1.250510    
   1.092708    
  0.9697514    
   2.466300    
   3.395962    
   3.464520    
   3.055670    
   2.505597    
   4.592629    
   5.436283    
   5.142432    
   4.777622    
   6.794363    
   9.476221    
   9.807583    
   8.729078    
   7.065881    
   5.406660    
   4.029626    
   2.999867    
   2.279964    
   1.799668    
   1.500938    
   1.861218    
   2.808791    
   3.118170    
   5.400196    
   6.600678    
   6.518967    
   5.642981    
   4.541576    
   3.534892    
   2.740721    
   2.166106    
   1.773283    
   1.515051    
   1.349806    
   1.245829    
   1.180838    
   1.140006    
   1.113830    
   1.096398    
   1.084112    
   1.074824    
   1.074453    
   1.071347    
   1.065363    
   1.057985    
   1.050372    
   1.261115    
   1.360170    
   1.472530    
   1.470986    
   1.399563    
   1.325249    
   1.247332    
   1.177180    
   1.120386    
   1.077445    
   1.046243    
   1.138622    
   1.199959    
   1.198788    
   1.162059    
   1.195049    
   1.246093    
   1.269123    
   1.300563    
   1.387435    
   1.415852    
   1.364486    
   1.288704    
   1.213183    
   1.140964    
   1.112654    
   1.080405    
   1.046207    
   1.280536    
   1.444498    
   1.775377    
   1.848772    
   1.739665    
   1.560177    
   1.381374    
   1.233572    
   1.439529    
   1.763824    
   1.867827    
   2.099903    
   2.315916    
   2.924484    
   3.603438    
   4.389298    
   4.401135    
   4.127493    
   3.557678    
   2.915803    
   2.345632    
   1.937270    
   1.743593    
   1.672304    
   1.562817    
   1.439735    
   1.316823    
   1.210773    
   1.127848    
   1.067038    
   1.024166    
  0.9945093    
   1.032851    
   1.046658    
   1.073723    
   1.069464    
   1.045016    
   1.014165    
   1.185554    
   1.308811    
   1.325969    
   1.276477    
   1.257936    
   1.208485    
   1.146780    
   1.152224    
   1.274960    
   1.302390    
   1.252974    
   1.172433    
   1.091548    
   1.290660    
   2.778125    
   4.981100    
   5.641371    
   5.203300    
   4.318202    
   3.401034    
   2.657675    
   2.232528    
   1.897448    
   1.624040    
   1.410832    
   1.253597    
   1.142884    
   1.067501    
   1.017223    
  0.9839207    
  0.9616753    
  0.9464215    
  0.9358768    
  0.9277532    
  0.9210136    
  0.9151114    
  0.9102265    
  0.9054233    
  0.9006022    
  0.8958061    
  0.8910765    
  0.8864284    
  0.8818583    
  0.8773553    
  0.8729076    
  0.8685045    
  0.8641381    
  0.8598030    
  0.8554953    
  0.8512128    
  0.8469543    
  0.8427181    
  0.8385036    
  0.8361614    
  0.8328789    
  0.8287276    
  0.8241521    
  0.8194862    
  0.8148971    
  0.8104392    
  0.8061128    
  0.8018968    
  0.7977670    
  0.7937025    
  0.7896876    
  0.7857111    
  0.7817662    
  0.7778479    
  0.7739530    
  0.7700800    
  0.7662277    
  0.7623954    
  0.7585829    
  0.8032978    
  0.8228357    
  0.8190715    
  0.8036653    
  0.7853627    
  0.7685363    
  0.7546434    
  0.7436844    
  0.7351121    
  0.7341314    
  0.7381821    
  0.7366512    
  0.7340856    
  0.7285272    
  0.7212400    
  0.7137170    
  0.7067690    
  0.7006482    
  0.6953094    
  0.6905974    
  0.6863443    
  0.6824100    
  0.6786897    
  0.6751105    
  0.8069913    
  0.8833004    
  0.8873926    
   1.147328    
   1.241853    
   1.255389    
   1.176278    
   1.060545    
  0.9472791    
  0.8538822    
  0.9380801    
  0.9626499    
  0.9287419    
  0.8688281    
   1.638935    
   1.986357    
   2.067912    
   2.156186    
   2.010084    
   1.819954    
   2.528455    
   2.744028    
   3.483033    
   3.551436    
   3.278722    
   2.778250    
   2.243377    
   1.781285    
   1.426291    
   1.173061    
   1.001255    
   1.107813    
   1.140990    
   1.442873    
   1.528274    
   1.443731    
   1.288477    
   1.129233    
   1.105634    
   1.657442    
   2.299021    
   2.533226    
   2.374159    
   2.040635    
   1.687959    
   1.388750    
   1.175716    
   1.022360    
  0.9146424    
  0.8409417    
  0.7915658    
  0.7765685    
   1.128202    
   1.288928    
   1.274452    
   1.173945    
   1.063703    
   1.992597    
   2.404550    
   2.341397    
   2.048376    
   1.707250    
   1.459477    
   1.958593    
   2.270897    
   2.212481    
   1.953160    
   1.645900    
   1.371738    
   1.207953    
   1.078183    
   1.051805    
   1.750361    
   2.046967    
   1.985317    
   1.753656    
   1.489019    
   1.257643    
   1.079645    
  0.9526453    
  0.8662714    
  0.8092614    
  0.7722048    
  0.7557189    
  0.7734042    
  0.7769421    
  0.7677404    
  0.8146945    
  0.8346059    
  0.8811088    
  0.8823854    
  0.8531245    
  0.8818980    
   1.438150    
   1.676686    
   1.636387    
   1.665763    
   1.563164    
   1.387621    
   1.203517    
   1.161585    
   1.114541    
   1.047046    
   1.147033    
   1.171758    
   1.140106    
   1.068550    
  0.9787087    
  0.8933830    
  0.8233630    
  0.7706786    
  0.7330845    
  0.7070396    
  0.6891698    
  0.6890633    
  0.6861302    
  0.6795247    
  0.6713389    
  0.6632453    
  0.6893863    
   1.347593    
   1.653898    
   1.641178    
   1.471103    
   1.263412    
   1.077438    
   1.136405    
   1.222085    
   3.027107    
   3.811289    
   3.702535    
   3.161639    
   2.533826    
   1.979424    
   1.550753    
   1.244619    
   1.037188    
  0.9016293    
  0.8151703    
  0.7607968    
  0.7799214    
  0.7941288    
  0.7925711    
  0.8420889    
  0.9760056    
   1.012142    
  0.9750165    
   2.193808    
   3.798641    
   4.247920    
   3.894462    
   3.222357    
   2.534996    
   2.027636    
   1.646905    
   1.447163    
   1.278381    
   1.143994    
   1.027204    
  0.9317132    
  0.9192804    
  0.8990669    
  0.8649691    
  0.9316492    
   1.669473    
   2.271761    
   2.360106    
   2.137426    
   1.810603    
   1.497968    
   1.246826    
   1.297816    
   1.536624    
   2.256028    
   2.938639    
   3.005110    
   2.772671    
   2.365028    
   1.938295    
   1.573966    
   1.361462    
   1.206337    
   1.077879    
  0.9745067    
  0.8958878    
  0.8389727    
  0.7991863    
  0.7719116    
  0.7722414    
   1.128613    
   1.292438    
   1.280827    
   1.182897    
   1.064737    
  0.9590461    
  0.8764438    
  0.9079959    
  0.9104486    
  0.8823453    
  0.8414149    
  0.8009667    
  0.7670453    
  0.7409511    
  0.7255259    
  0.7134573    
  0.7060549    
  0.7494619    
  0.7682608    
  0.7926825    
  0.7891724    
  0.8428330    
  0.9189616    
  0.9302990    
  0.8942165    
   1.230198    
   1.364935    
   1.373761    
   1.279910    
   1.142686    
   1.007898    
  0.9228317    
  0.8546999    
  0.8019360    
  0.7579356    
  0.7282919    
  0.7038888    
  0.7310973    
  0.7584653    
  0.8791107    
  0.9633662    
  0.9589449    
   1.267278    
   1.778858    
   1.911028    
   1.897637    
   1.713692    
   1.467522    
   1.233549    
   1.043823    
   1.231380    
   1.298705    
   1.311570    
   1.314366    
   1.228709    
   1.101538    
  0.9745459    
  0.8790146    
  0.9982158    
   1.037703    
   1.006397    
  0.9700592    
  0.9193509    
  0.9539071    
  0.9383152    
  0.8850855    
  0.8203889    
  0.7609310    
  0.7285522    
  0.7081074    
  0.6865861    
  0.6653582    
  0.6493946    
  0.6355450    
  0.6382870    
  0.6356331    
  0.6279142    
  0.6182305    
  0.6087961    
  0.6005775    
  0.5937523    
  0.5881381    
  0.5834491    
  0.5794157    
  0.5840031    
  0.6625786    
  0.6969215    
  0.7108157    
  0.7319143    
  0.7207711    
  0.6905769    
  0.6557589    
  0.6244400    
  0.6050856    
  0.5891120    
  0.5755758    
  0.5644670    
  0.5556226    
  0.5486611    
  0.5431300    
  0.5386177    
  0.5347974    
  0.5314316    
  0.5287308    
  0.5611566    
  0.5752696    
  0.5789234    
  0.5708089    
  0.5575284    
  0.5438012    
  0.5318402    
  0.5222194    
  0.5338365    
  0.6572220    
  0.7102680    
  0.7018230    
  0.6639040    
  0.6254777    
  0.5890059    
  0.5582403    
  0.5343102    
  0.5166278    
  0.5039052    
  0.4947923    
  0.4881562    
  0.4943841    
  0.5058854    
